writeCommonTags: couldn't write 'track' tag to 'A Tale By Quincy.m4a' as it's not a positive integer
writeCommonTags: couldn't write 'track' tag to 'Agni Skalana.m4a' as it's not a positive integer
writeCommonTags: couldn't write 'track' tag to 'Best Friends.m4a' as it's not a positive integer
writeCommonTags: couldn't write 'track' tag to 'Chilipiga.m4a' as it's not a positive integer
writeCommonTags: couldn't write 'track' tag to 'Dawn FM.m4a' as it's not a positive integer
writeCommonTags: couldn't write 'track' tag to 'Desperado.m4a' as it's not a positive integer
writeCommonTags: couldn't write 'track' tag to 'Die For You (Remix).m4a' as it's not a positive integer
writeCommonTags: couldn't write 'track' tag to 'Don’t Break My Heart.m4a' as it's not a positive integer
writeCommonTags: couldn't write 'track' tag to 'Don't Come Close.m4a' as it's not a positive integer
writeCommonTags: couldn't write 'track' tag to 'Every Angel is Terrifying.m4a' as it's not a positive integer
writeCommonTags: couldn't write 'track' tag to 'Gasoline.m4a' as it's not a positive integer
writeCommonTags: couldn't write 'track' tag to 'Hello Rammante.m4a' as it's not a positive integer
writeCommonTags: couldn't write 'track' tag to 'Here We Go… Again.m4a' as it's not a positive integer
writeCommonTags: couldn't write 'track' tag to 'How Do I Make You Love Me？.m4a' as it's not a positive integer
writeCommonTags: couldn't write 'track' tag to 'I Heard You’re Married.m4a' as it's not a positive integer
writeCommonTags: couldn't write 'track' tag to 'Is There Someone Else？.m4a' as it's not a positive integer
writeCommonTags: couldn't write 'track' tag to 'KAUN TUJHE.m4a' as it's not a positive integer
writeCommonTags: couldn't write 'track' tag to 'Kuchh Na Kaho.m4a' as it's not a positive integer
writeCommonTags: couldn't write 'track' tag to 'Less Than Zero.m4a' as it's not a positive integer
writeCommonTags: couldn't write 'track' tag to 'Limbo.m4a' as it's not a positive integer
writeCommonTags: couldn't write 'track' tag to 'Malhari.m4a' as it's not a positive integer
writeCommonTags: couldn't write 'track' tag to 'Near no Theme.m4a' as it's not a positive integer
writeCommonTags: couldn't write 'track' tag to 'Nenu Nuvvantu.m4a' as it's not a positive integer
writeCommonTags: couldn't write 'track' tag to 'O Range.m4a' as it's not a positive integer
writeCommonTags: couldn't write 'track' tag to 'Ola Olaala Ala.m4a' as it's not a positive integer
writeCommonTags: couldn't write 'track' tag to 'Out of Time.m4a' as it's not a positive integer
writeCommonTags: couldn't write 'track' tag to 'Phantom Regret by Jim.m4a' as it's not a positive integer
writeCommonTags: couldn't write 'track' tag to 'Pillaa Raa.m4a' as it's not a positive integer
writeCommonTags: couldn't write 'track' tag to 'Piya Baaj Pyala Piya Jaye Na.m4a' as it's not a positive integer
writeCommonTags: couldn't write 'track' tag to 'Rooba Rooba.m4a' as it's not a positive integer
writeCommonTags: couldn't write 'track' tag to 'Sacrifice.m4a' as it's not a positive integer
writeCommonTags: couldn't write 'track' tag to 'Sammohanuda.m4a' as it's not a positive integer
writeCommonTags: couldn't write 'track' tag to 'Soviet Connection.m4a' as it's not a positive integer
writeCommonTags: couldn't write 'track' tag to 'Starry Eyes.m4a' as it's not a positive integer
writeCommonTags: couldn't write 'track' tag to 'Streets.m4a' as it's not a positive integer
writeCommonTags: couldn't write 'track' tag to 'Take My Breath.m4a' as it's not a positive integer
writeCommonTags: couldn't write 'track' tag to 'Tumse Milke.m4a' as it's not a positive integer
writeCommonTags: couldn't write 'track' tag to 'Zara Zara.m4a' as it's not a positive integer
writeCommonTags: couldn't write 'track' tag to 'KAUN TUJHE.m4a' as it's not a positive integer
